# Logfile created on Fri May 29 09:28:12 -0700 2009  [4;36;1mSQL (0.4ms)[0m   [0;1mSET NAMES 'utf8'[0m
  [4;35;1mSQL (0.2ms)[0m   [0mSET SQL_AUTO_IS_NULL=0[0m


Processing HomeController#index (for 127.0.0.1 at 2009-05-29 09:30:06) [GET]
  Parameters: {"action"=>"index", "controller"=>"home"}
Rendering template within layouts/application
Rendering home/index
Completed in 28ms (View: 22, DB: 1) | 200 OK [http://localhost/]
  [4;36;1mSQL (0.1ms)[0m   [0;1mSET NAMES 'utf8'[0m
  [4;35;1mSQL (0.1ms)[0m   [0mSET SQL_AUTO_IS_NULL=0[0m


Processing HomeController#index (for 127.0.0.1 at 2009-05-29 09:30:14) [GET]
  Parameters: {"action"=>"index", "controller"=>"home"}
Rendering template within layouts/application
Rendering home/index
Completed in 10ms (View: 5, DB: 0) | 200 OK [http://localhost/]
  [4;36;1mSQL (0.1ms)[0m   [0;1mSET NAMES 'utf8'[0m
  [4;35;1mSQL (0.1ms)[0m   [0mSET SQL_AUTO_IS_NULL=0[0m


Processing HomeController#index (for 127.0.0.1 at 2009-05-29 09:33:00) [GET]
  Parameters: {"action"=>"index", "controller"=>"home"}
Rendering template within layouts/application
Rendering home/index
Completed in 15ms (View: 9, DB: 0) | 200 OK [http://localhost/]
  [4;36;1mSQL (0.2ms)[0m   [0;1mSET NAMES 'utf8'[0m
  [4;35;1mSQL (0.1ms)[0m   [0mSET SQL_AUTO_IS_NULL=0[0m


Processing HomeController#index (for 127.0.0.1 at 2009-05-29 09:37:52) [GET]
  Parameters: {"action"=>"index", "controller"=>"home"}
Rendering template within layouts/application
Rendering home/index
Completed in 107ms (View: 101, DB: 0) | 200 OK [http://localhost/]
  [4;36;1mSQL (0.2ms)[0m   [0;1mSET NAMES 'utf8'[0m
  [4;35;1mSQL (0.1ms)[0m   [0mSET SQL_AUTO_IS_NULL=0[0m


Processing HomeController#index (for 127.0.0.1 at 2009-05-29 09:42:39) [GET]
  Parameters: {"action"=>"index", "controller"=>"home"}
Rendering template within layouts/application
Rendering home/index
Completed in 26ms (View: 21, DB: 0) | 200 OK [http://localhost/]
  [4;36;1mSQL (0.2ms)[0m   [0;1mSET NAMES 'utf8'[0m
  [4;35;1mSQL (0.1ms)[0m   [0mSET SQL_AUTO_IS_NULL=0[0m


Processing GraphsController#index (for 127.0.0.1 at 2009-05-29 09:45:07) [GET]
  Parameters: {"action"=>"index", "controller"=>"graphs"}
2008-05-29 16:45:07 UTC to 2009-05-29T09:45:08-07:00
  [4;36;1mGraph Load (0.7ms)[0m   [0;1mSELECT * FROM `graphs` [0m
Rendering template within layouts/application
Rendering graphs/index
  [4;35;1mGraph Columns (11.4ms)[0m   [0mSHOW FIELDS FROM `graphs`[0m
Completed in 316ms (View: 90, DB: 12) | 200 OK [http://localhost/graphs]
  [4;36;1mSQL (0.1ms)[0m   [0;1mSET NAMES 'utf8'[0m
  [4;35;1mSQL (0.1ms)[0m   [0mSET SQL_AUTO_IS_NULL=0[0m


Processing GraphsController#edit (for 127.0.0.1 at 2009-05-29 09:45:19) [GET]
  Parameters: {"action"=>"edit", "id"=>"1", "controller"=>"graphs"}
2008-05-29 16:45:19 UTC to 2009-05-29T09:45:19-07:00
  [4;36;1mGraph Load (0.5ms)[0m   [0;1mSELECT * FROM `graphs` WHERE (`graphs`.`id` = 1) [0m
Rendering template within layouts/application
Rendering graphs/edit
  [4;35;1mGraphItem Load (0.6ms)[0m   [0mSELECT * FROM `graph_items` WHERE (`graph_items`.graph_id = 1) [0m
  [4;36;1mGraphItem Columns (16.9ms)[0m   [0;1mSHOW FIELDS FROM `graph_items`[0m
  [4;35;1mDataSource Load (0.6ms)[0m   [0mSELECT * FROM `data_sources` [0m
  [4;36;1mDataSource Columns (1.3ms)[0m   [0;1mSHOW FIELDS FROM `data_sources`[0m
  [4;35;1mDataSource::FederalReserve Columns (1.4ms)[0m   [0mSHOW FIELDS FROM `data_sources`[0m
Rendered graphs/_graph_item (104.4ms)
  [4;36;1mCACHE (0.0ms)[0m   [0;1mSELECT * FROM `data_sources` [0m
Rendered graphs/_graph_item (10.4ms)
  [4;35;1mCACHE (0.0ms)[0m   [0mSELECT * FROM `data_sources` [0m
Rendered graphs/_graph_item (9.8ms)
  [4;36;1mCACHE (0.0ms)[0m   [0;1mSELECT * FROM `data_sources` [0m
Rendered graphs/_graph_item (10.3ms)
Rendered graphs/_form (386.8ms)
Completed in 441ms (View: 413, DB: 22) | 200 OK [http://localhost/graphs/1/edit]
  [4;35;1mSQL (0.1ms)[0m   [0mSET NAMES 'utf8'[0m
  [4;36;1mSQL (0.1ms)[0m   [0;1mSET SQL_AUTO_IS_NULL=0[0m


Processing GraphsController#edit (for 127.0.0.1 at 2009-05-29 09:45:24) [GET]
  Parameters: {"action"=>"edit", "id"=>"1", "controller"=>"graphs"}
2008-05-29 16:45:24 UTC to 2009-05-29T09:45:24-07:00
  [4;35;1mGraph Load (0.5ms)[0m   [0mSELECT * FROM `graphs` WHERE (`graphs`.`id` = 1) [0m
Rendering template within layouts/application
Rendering graphs/edit
  [4;36;1mGraphItem Load (0.4ms)[0m   [0;1mSELECT * FROM `graph_items` WHERE (`graph_items`.graph_id = 1) [0m
  [4;35;1mDataSource Load (0.3ms)[0m   [0mSELECT * FROM `data_sources` [0m
  [4;36;1mDataSource::FederalReserve Columns (1.2ms)[0m   [0;1mSHOW FIELDS FROM `data_sources`[0m
Rendered graphs/_graph_item (22.5ms)
  [4;35;1mCACHE (0.0ms)[0m   [0mSELECT * FROM `data_sources` [0m
Rendered graphs/_graph_item (8.9ms)
  [4;36;1mCACHE (0.0ms)[0m   [0;1mSELECT * FROM `data_sources` [0m
Rendered graphs/_graph_item (9.4ms)
  [4;35;1mCACHE (0.0ms)[0m   [0mSELECT * FROM `data_sources` [0m
Rendered graphs/_graph_item (90.7ms)
Rendered graphs/_form (195.0ms)
Completed in 208ms (View: 198, DB: 3) | 200 OK [http://localhost/graphs/1/edit]
  [4;36;1mSQL (0.2ms)[0m   [0;1mSET NAMES 'utf8'[0m
  [4;35;1mSQL (0.1ms)[0m   [0mSET SQL_AUTO_IS_NULL=0[0m


Processing GraphsController#show (for 127.0.0.1 at 2009-05-29 09:52:09) [GET]
  Parameters: {"action"=>"show", "id"=>"1", "controller"=>"graphs"}
2008-05-29 16:52:09 UTC to 2009-05-29T09:52:09-07:00
  [4;36;1mGraph Columns (1.9ms)[0m   [0;1mSHOW FIELDS FROM `graphs`[0m
  [4;35;1mGraph Load (0.6ms)[0m   [0mSELECT * FROM `graphs` WHERE (`graphs`.`id` = 1) [0m

ActionView::MissingTemplate (Missing template graphs/show.erb in view path app/views:vendor/plugins/graph_engine/app/views):
  

Rendering rescues/layout (internal_server_error)
  [4;36;1mSQL (0.2ms)[0m   [0;1mSET NAMES 'utf8'[0m
  [4;35;1mSQL (0.1ms)[0m   [0mSET SQL_AUTO_IS_NULL=0[0m


Processing GraphsController#show (for 127.0.0.1 at 2009-05-29 09:52:43) [GET]
  Parameters: {"action"=>"show", "id"=>"1", "controller"=>"graphs"}
2008-05-29 16:52:43 UTC to 2009-05-29T09:52:43-07:00
  [4;36;1mGraph Load (0.4ms)[0m   [0;1mSELECT * FROM `graphs` WHERE (`graphs`.`id` = 1) [0m
Rendering template within layouts/application
Rendering graphs/show
Completed in 155ms (View: 148, DB: 1) | 200 OK [http://localhost/graphs/1]
  [4;35;1mSQL (0.1ms)[0m   [0mSET NAMES 'utf8'[0m
  [4;36;1mSQL (0.1ms)[0m   [0;1mSET SQL_AUTO_IS_NULL=0[0m


Processing GraphsController#show to png (for 127.0.0.1 at 2009-05-29 09:52:44) [GET]
  Parameters: {"format"=>"png", "action"=>"show", "id"=>"1", "controller"=>"graphs"}
2008-05-29 16:52:44 UTC to 2009-05-29T09:52:44-07:00
  [4;35;1mGraph Load (0.6ms)[0m   [0mSELECT * FROM `graphs` WHERE (`graphs`.`id` = 1) [0m

NoMethodError (undefined method `minimal_value' for #<Graph:0xb75ec0b0>):
  vendor/plugins/graph_engine/app/controllers/graphs_controller.rb:15:in `__instance_exec0'

Rendered rescues/_trace (312.0ms)
Rendered rescues/_request_and_response (103.0ms)
Rendering rescues/layout (internal_server_error)
  [4;36;1mSQL (0.1ms)[0m   [0;1mSET NAMES 'utf8'[0m
  [4;35;1mSQL (0.1ms)[0m   [0mSET SQL_AUTO_IS_NULL=0[0m


Processing GraphsController#show to json (for 127.0.0.1 at 2009-05-29 09:52:46) [GET]
  Parameters: {"format"=>"json", "action"=>"show", "id"=>"1", "controller"=>"graphs"}
2008-05-29 16:52:46 UTC to 2009-05-29T09:52:46-07:00
  [4;36;1mGraph Load (0.5ms)[0m   [0;1mSELECT * FROM `graphs` WHERE (`graphs`.`id` = 1) [0m
  [4;35;1mGraphItem Load (0.5ms)[0m   [0mSELECT * FROM `graph_items` WHERE (`graph_items`.graph_id = 1) [0m
  [4;36;1mGraphItem Columns (1.2ms)[0m   [0;1mSHOW FIELDS FROM `graph_items`[0m
  [4;35;1mDataSource Columns (1.2ms)[0m   [0mSHOW FIELDS FROM `data_sources`[0m
  [4;36;1mDataSource Load (329.8ms)[0m   [0;1mSELECT * FROM `data_sources` WHERE (`data_sources`.`id` = 1) [0m
DataSource::FederalReserve.values
  [4;35;1mDataSource::FederalReserve Columns (2.1ms)[0m   [0mSHOW FIELDS FROM `data_sources`[0m
  [4;36;1mDataSource Load (0.4ms)[0m   [0;1mSELECT * FROM `data_sources` WHERE (`data_sources`.`id` = 2) [0m
DataSource::FederalReserve.values
  [4;35;1mDataSource Load (0.4ms)[0m   [0mSELECT * FROM `data_sources` WHERE (`data_sources`.`id` = 3) [0m
DataSource::FederalReserve.values
Completed in 7581ms (View: 7, DB: 336) | 200 OK [http://localhost/graphs/1.json]
  [4;36;1mSQL (0.1ms)[0m   [0;1mSET NAMES 'utf8'[0m
  [4;35;1mSQL (0.1ms)[0m   [0mSET SQL_AUTO_IS_NULL=0[0m


Processing GraphsController#show (for 127.0.0.1 at 2009-05-29 09:52:57) [GET]
  Parameters: {"action"=>"show", "id"=>"1", "controller"=>"graphs"}
2008-05-29 16:52:57 UTC to 2009-05-29T09:52:57-07:00
  [4;36;1mGraph Load (0.9ms)[0m   [0;1mSELECT * FROM `graphs` WHERE (`graphs`.`id` = 1) [0m
Rendering template within layouts/application
Rendering graphs/show
Completed in 126ms (View: 117, DB: 1) | 200 OK [http://localhost/graphs/1]
  [4;35;1mSQL (0.1ms)[0m   [0mSET NAMES 'utf8'[0m
  [4;36;1mSQL (0.1ms)[0m   [0;1mSET SQL_AUTO_IS_NULL=0[0m


Processing GraphsController#show to png (for 127.0.0.1 at 2009-05-29 09:52:57) [GET]
  Parameters: {"format"=>"png", "action"=>"show", "id"=>"1", "controller"=>"graphs"}
2008-05-29 16:52:57 UTC to 2009-05-29T09:52:57-07:00
  [4;35;1mGraph Load (0.7ms)[0m   [0mSELECT * FROM `graphs` WHERE (`graphs`.`id` = 1) [0m

NoMethodError (undefined method `minimal_value' for #<Graph:0xb730cb24>):
  vendor/plugins/graph_engine/app/controllers/graphs_controller.rb:15:in `__instance_exec0'

Rendered rescues/_trace (82.2ms)
Rendered rescues/_request_and_response (0.6ms)
Rendering rescues/layout (internal_server_error)
  [4;36;1mSQL (0.1ms)[0m   [0;1mSET NAMES 'utf8'[0m
  [4;35;1mSQL (0.1ms)[0m   [0mSET SQL_AUTO_IS_NULL=0[0m


Processing GraphsController#show to json (for 127.0.0.1 at 2009-05-29 09:52:58) [GET]
  Parameters: {"format"=>"json", "action"=>"show", "id"=>"1", "controller"=>"graphs"}
2008-05-29 16:52:58 UTC to 2009-05-29T09:52:58-07:00
  [4;36;1mGraph Load (0.4ms)[0m   [0;1mSELECT * FROM `graphs` WHERE (`graphs`.`id` = 1) [0m
  [4;35;1mGraphItem Load (0.4ms)[0m   [0mSELECT * FROM `graph_items` WHERE (`graph_items`.graph_id = 1) [0m
  [4;36;1mDataSource Load (0.4ms)[0m   [0;1mSELECT * FROM `data_sources` WHERE (`data_sources`.`id` = 1) [0m
DataSource::FederalReserve.values
  [4;35;1mDataSource::FederalReserve Columns (1.5ms)[0m   [0mSHOW FIELDS FROM `data_sources`[0m
  [4;36;1mDataSource Load (0.4ms)[0m   [0;1mSELECT * FROM `data_sources` WHERE (`data_sources`.`id` = 2) [0m
DataSource::FederalReserve.values
  [4;35;1mDataSource Load (0.4ms)[0m   [0mSELECT * FROM `data_sources` WHERE (`data_sources`.`id` = 3) [0m
DataSource::FederalReserve.values
Completed in 4798ms (View: 7, DB: 4) | 200 OK [http://localhost/graphs/1.json]
  [4;36;1mSQL (0.1ms)[0m   [0;1mSET NAMES 'utf8'[0m
  [4;35;1mSQL (0.1ms)[0m   [0mSET SQL_AUTO_IS_NULL=0[0m


Processing GraphsController#show to png (for 127.0.0.1 at 2009-05-29 09:53:26) [GET]
  Parameters: {"format"=>"png", "action"=>"show", "id"=>"1", "controller"=>"graphs"}
2008-05-29 16:53:26 UTC to 2009-05-29T09:53:26-07:00
  [4;36;1mGraph Load (0.5ms)[0m   [0;1mSELECT * FROM `graphs` WHERE (`graphs`.`id` = 1) [0m

NoMethodError (undefined method `minimal_value' for #<Graph:0xb732efe4>):
  vendor/plugins/graph_engine/app/controllers/graphs_controller.rb:15:in `__instance_exec0'

Rendered rescues/_trace (193.1ms)
Rendered rescues/_request_and_response (0.6ms)
Rendering rescues/layout (internal_server_error)
  [4;35;1mSQL (0.1ms)[0m   [0mSET NAMES 'utf8'[0m
  [4;36;1mSQL (0.1ms)[0m   [0;1mSET SQL_AUTO_IS_NULL=0[0m


Processing GraphsController#show to png (for 127.0.0.1 at 2009-05-29 09:54:21) [GET]
  Parameters: {"format"=>"png", "action"=>"show", "id"=>"1", "controller"=>"graphs"}
2008-05-29 16:54:21 UTC to 2009-05-29T09:54:21-07:00
  [4;35;1mGraph Load (0.5ms)[0m   [0mSELECT * FROM `graphs` WHERE (`graphs`.`id` = 1) [0m

NoMethodError (undefined method `minimal_value' for #<Graph:0xb75dcbb0>):
  vendor/plugins/graph_engine/app/controllers/graphs_controller.rb:15:in `__instance_exec0'

Rendered rescues/_trace (75.7ms)
Rendered rescues/_request_and_response (0.5ms)
Rendering rescues/layout (internal_server_error)
  [4;36;1mSQL (0.1ms)[0m   [0;1mSET NAMES 'utf8'[0m
  [4;35;1mSQL (0.1ms)[0m   [0mSET SQL_AUTO_IS_NULL=0[0m


Processing GraphsController#show to png (for 127.0.0.1 at 2009-05-29 09:54:24) [GET]
  Parameters: {"format"=>"png", "action"=>"show", "id"=>"1", "controller"=>"graphs"}
2008-05-29 16:54:24 UTC to 2009-05-29T09:54:24-07:00
  [4;36;1mGraph Load (0.5ms)[0m   [0;1mSELECT * FROM `graphs` WHERE (`graphs`.`id` = 1) [0m

NoMethodError (undefined method `minimal_value' for #<Graph:0xb73b673c>):
  vendor/plugins/graph_engine/app/controllers/graphs_controller.rb:15:in `__instance_exec0'

Rendered rescues/_trace (70.0ms)
Rendered rescues/_request_and_response (0.6ms)
Rendering rescues/layout (internal_server_error)
  [4;36;1mSQL (0.2ms)[0m   [0;1mSET NAMES 'utf8'[0m
  [4;35;1mSQL (0.1ms)[0m   [0mSET SQL_AUTO_IS_NULL=0[0m


Processing GraphsController#show to png (for 127.0.0.1 at 2009-05-29 09:54:43) [GET]
  Parameters: {"format"=>"png", "action"=>"show", "id"=>"1", "controller"=>"graphs"}
2008-05-29 16:54:43 UTC to 2009-05-29T09:54:44-07:00
  [4;36;1mGraph Columns (26.4ms)[0m   [0;1mSHOW FIELDS FROM `graphs`[0m
  [4;35;1mGraph Load (0.4ms)[0m   [0mSELECT * FROM `graphs` WHERE (`graphs`.`id` = 1) [0m
  [4;36;1mGraphItem Load (0.7ms)[0m   [0;1mSELECT * FROM `graph_items` WHERE (`graph_items`.graph_id = 1) [0m
  [4;35;1mGraphItem Columns (1.6ms)[0m   [0mSHOW FIELDS FROM `graph_items`[0m
  [4;36;1mDataSource Columns (1.3ms)[0m   [0;1mSHOW FIELDS FROM `data_sources`[0m
  [4;35;1mDataSource Load (0.3ms)[0m   [0mSELECT * FROM `data_sources` WHERE (`data_sources`.`id` = 1) [0m
DataSource::FederalReserve.values
  [4;36;1mDataSource::FederalReserve Columns (1.3ms)[0m   [0;1mSHOW FIELDS FROM `data_sources`[0m
  [4;35;1mDataSource Load (0.4ms)[0m   [0mSELECT * FROM `data_sources` WHERE (`data_sources`.`id` = 2) [0m
DataSource::FederalReserve.values
  [4;36;1mDataSource Load (0.4ms)[0m   [0;1mSELECT * FROM `data_sources` WHERE (`data_sources`.`id` = 3) [0m
DataSource::FederalReserve.values
Sending data 
Completed in 12287ms (View: 7, DB: 33) | 200 OK [http://localhost/graphs/1.png]
  [4;35;1mSQL (0.1ms)[0m   [0mSET NAMES 'utf8'[0m
  [4;36;1mSQL (0.1ms)[0m   [0;1mSET SQL_AUTO_IS_NULL=0[0m


Processing GraphsController#show to png (for 127.0.0.1 at 2009-05-29 09:55:07) [GET]
  Parameters: {"format"=>"png", "action"=>"show", "id"=>"1", "controller"=>"graphs"}
2008-05-29 16:55:07 UTC to 2009-05-29T09:55:07-07:00
  [4;35;1mGraph Load (0.5ms)[0m   [0mSELECT * FROM `graphs` WHERE (`graphs`.`id` = 1) [0m
  [4;36;1mGraphItem Load (0.4ms)[0m   [0;1mSELECT * FROM `graph_items` WHERE (`graph_items`.graph_id = 1) [0m
  [4;35;1mDataSource Load (0.3ms)[0m   [0mSELECT * FROM `data_sources` WHERE (`data_sources`.`id` = 1) [0m
DataSource::FederalReserve.values
  [4;36;1mDataSource::FederalReserve Columns (53.9ms)[0m   [0;1mSHOW FIELDS FROM `data_sources`[0m
  [4;35;1mDataSource Load (0.4ms)[0m   [0mSELECT * FROM `data_sources` WHERE (`data_sources`.`id` = 2) [0m
DataSource::FederalReserve.values
  [4;36;1mDataSource Load (0.4ms)[0m   [0;1mSELECT * FROM `data_sources` WHERE (`data_sources`.`id` = 3) [0m
DataSource::FederalReserve.values
Sending data 
Completed in 9352ms (View: 1, DB: 56) | 200 OK [http://localhost/graphs/1.png]
  [4;35;1mSQL (0.1ms)[0m   [0mSET NAMES 'utf8'[0m
  [4;36;1mSQL (0.1ms)[0m   [0;1mSET SQL_AUTO_IS_NULL=0[0m


Processing GraphsController#show (for 127.0.0.1 at 2009-05-29 09:55:25) [GET]
  Parameters: {"action"=>"show", "id"=>"1", "controller"=>"graphs"}
2008-05-29 16:55:25 UTC to 2009-05-29T09:55:25-07:00
  [4;35;1mGraph Load (0.5ms)[0m   [0mSELECT * FROM `graphs` WHERE (`graphs`.`id` = 1) [0m
Rendering template within layouts/application
Rendering graphs/show
Completed in 72ms (View: 63, DB: 1) | 200 OK [http://localhost/graphs/1]
  [4;36;1mSQL (0.1ms)[0m   [0;1mSET NAMES 'utf8'[0m
  [4;35;1mSQL (0.1ms)[0m   [0mSET SQL_AUTO_IS_NULL=0[0m


Processing GraphsController#show to png (for 127.0.0.1 at 2009-05-29 09:55:26) [GET]
  Parameters: {"format"=>"png", "action"=>"show", "id"=>"1", "controller"=>"graphs"}
2008-05-29 16:55:26 UTC to 2009-05-29T09:55:26-07:00
  [4;36;1mGraph Load (0.6ms)[0m   [0;1mSELECT * FROM `graphs` WHERE (`graphs`.`id` = 1) [0m
  [4;35;1mGraphItem Load (0.4ms)[0m   [0mSELECT * FROM `graph_items` WHERE (`graph_items`.graph_id = 1) [0m
  [4;36;1mDataSource Load (0.4ms)[0m   [0;1mSELECT * FROM `data_sources` WHERE (`data_sources`.`id` = 1) [0m
DataSource::FederalReserve.values
  [4;35;1mDataSource::FederalReserve Columns (36.9ms)[0m   [0mSHOW FIELDS FROM `data_sources`[0m
  [4;36;1mDataSource Load (0.4ms)[0m   [0;1mSELECT * FROM `data_sources` WHERE (`data_sources`.`id` = 2) [0m
DataSource::FederalReserve.values
  [4;35;1mDataSource Load (0.4ms)[0m   [0mSELECT * FROM `data_sources` WHERE (`data_sources`.`id` = 3) [0m
DataSource::FederalReserve.values
Sending data 
Completed in 6225ms (View: 1, DB: 39) | 200 OK [http://localhost/graphs/1.png]
  [4;36;1mSQL (0.1ms)[0m   [0;1mSET NAMES 'utf8'[0m
  [4;35;1mSQL (0.2ms)[0m   [0mSET SQL_AUTO_IS_NULL=0[0m


Processing GraphsController#show to json (for 127.0.0.1 at 2009-05-29 09:55:32) [GET]
  Parameters: {"format"=>"json", "action"=>"show", "id"=>"1", "controller"=>"graphs"}
2008-05-29 16:55:32 UTC to 2009-05-29T09:55:32-07:00
  [4;36;1mGraph Load (0.4ms)[0m   [0;1mSELECT * FROM `graphs` WHERE (`graphs`.`id` = 1) [0m
  [4;35;1mGraphItem Load (0.4ms)[0m   [0mSELECT * FROM `graph_items` WHERE (`graph_items`.graph_id = 1) [0m
  [4;36;1mDataSource Load (0.3ms)[0m   [0;1mSELECT * FROM `data_sources` WHERE (`data_sources`.`id` = 1) [0m
DataSource::FederalReserve.values
  [4;35;1mDataSource::FederalReserve Columns (1.1ms)[0m   [0mSHOW FIELDS FROM `data_sources`[0m
  [4;36;1mDataSource Load (0.5ms)[0m   [0;1mSELECT * FROM `data_sources` WHERE (`data_sources`.`id` = 2) [0m
DataSource::FederalReserve.values
  [4;35;1mDataSource Load (0.5ms)[0m   [0mSELECT * FROM `data_sources` WHERE (`data_sources`.`id` = 3) [0m
DataSource::FederalReserve.values
Completed in 5930ms (View: 7, DB: 4) | 200 OK [http://localhost/graphs/1.json]
  [4;36;1mSQL (0.1ms)[0m   [0;1mSET NAMES 'utf8'[0m
  [4;35;1mSQL (0.1ms)[0m   [0mSET SQL_AUTO_IS_NULL=0[0m


Processing GraphsController#show to png (for 127.0.0.1 at 2009-05-29 09:57:01) [GET]
  Parameters: {"format"=>"png", "action"=>"show", "id"=>"1", "controller"=>"graphs"}
2008-05-29 16:57:01 UTC to 2009-05-29T09:57:01-07:00
  [4;36;1mGraph Load (0.5ms)[0m   [0;1mSELECT * FROM `graphs` WHERE (`graphs`.`id` = 1) [0m
  [4;35;1mGraphItem Load (0.6ms)[0m   [0mSELECT * FROM `graph_items` WHERE (`graph_items`.graph_id = 1) [0m
  [4;36;1mDataSource Load (0.4ms)[0m   [0;1mSELECT * FROM `data_sources` WHERE (`data_sources`.`id` = 1) [0m
DataSource::FederalReserve.values
  [4;35;1mDataSource::FederalReserve Columns (1.5ms)[0m   [0mSHOW FIELDS FROM `data_sources`[0m
  [4;36;1mDataSource Load (0.4ms)[0m   [0;1mSELECT * FROM `data_sources` WHERE (`data_sources`.`id` = 2) [0m
DataSource::FederalReserve.values
  [4;35;1mDataSource Load (0.4ms)[0m   [0mSELECT * FROM `data_sources` WHERE (`data_sources`.`id` = 3) [0m
DataSource::FederalReserve.values
Sending data 
Completed in 10231ms (View: 1, DB: 4) | 200 OK [http://localhost/graphs/1.png]
  [4;36;1mSQL (0.2ms)[0m   [0;1mSET NAMES 'utf8'[0m
  [4;35;1mSQL (0.1ms)[0m   [0mSET SQL_AUTO_IS_NULL=0[0m


Processing GraphsController#show to png (for 127.0.0.1 at 2009-05-29 09:58:08) [GET]
  Parameters: {"format"=>"png", "action"=>"show", "id"=>"1", "controller"=>"graphs"}
2008-05-29 16:58:08 UTC to 2009-05-29T09:58:08-07:00
  [4;36;1mGraph Columns (1.9ms)[0m   [0;1mSHOW FIELDS FROM `graphs`[0m
  [4;35;1mGraph Load (0.5ms)[0m   [0mSELECT * FROM `graphs` WHERE (`graphs`.`id` = 1) [0m
  [4;36;1mGraphItem Load (0.4ms)[0m   [0;1mSELECT * FROM `graph_items` WHERE (`graph_items`.graph_id = 1) [0m
  [4;35;1mGraphItem Columns (1.2ms)[0m   [0mSHOW FIELDS FROM `graph_items`[0m
  [4;36;1mDataSource Columns (2.2ms)[0m   [0;1mSHOW FIELDS FROM `data_sources`[0m
  [4;35;1mDataSource Load (0.4ms)[0m   [0mSELECT * FROM `data_sources` WHERE (`data_sources`.`id` = 1) [0m
DataSource::FederalReserve.values
  [4;36;1mDataSource::FederalReserve Columns (1.3ms)[0m   [0;1mSHOW FIELDS FROM `data_sources`[0m
  [4;35;1mDataSource Load (0.4ms)[0m   [0mSELECT * FROM `data_sources` WHERE (`data_sources`.`id` = 2) [0m
DataSource::FederalReserve.values
  [4;36;1mDataSource Load (0.4ms)[0m   [0;1mSELECT * FROM `data_sources` WHERE (`data_sources`.`id` = 3) [0m
DataSource::FederalReserve.values
Sending data 
Completed in 9751ms (View: 6, DB: 9) | 200 OK [http://localhost/graphs/1.png]
  [4;35;1mSQL (0.1ms)[0m   [0mSET NAMES 'utf8'[0m
  [4;36;1mSQL (0.1ms)[0m   [0;1mSET SQL_AUTO_IS_NULL=0[0m


Processing GraphsController#show (for 127.0.0.1 at 2009-05-29 09:58:25) [GET]
  Parameters: {"action"=>"show", "id"=>"1", "controller"=>"graphs"}
2008-05-29 16:58:25 UTC to 2009-05-29T09:58:25-07:00
  [4;35;1mGraph Load (0.5ms)[0m   [0mSELECT * FROM `graphs` WHERE (`graphs`.`id` = 1) [0m
Rendering template within layouts/application
Rendering graphs/show
Completed in 55ms (View: 47, DB: 1) | 200 OK [http://localhost/graphs/1]
  [4;36;1mSQL (0.1ms)[0m   [0;1mSET NAMES 'utf8'[0m
  [4;35;1mSQL (0.1ms)[0m   [0mSET SQL_AUTO_IS_NULL=0[0m


Processing GraphsController#show to png (for 127.0.0.1 at 2009-05-29 09:58:26) [GET]
  Parameters: {"format"=>"png", "action"=>"show", "id"=>"1", "controller"=>"graphs"}
2008-05-29 16:58:26 UTC to 2009-05-29T09:58:26-07:00
  [4;36;1mGraph Load (0.4ms)[0m   [0;1mSELECT * FROM `graphs` WHERE (`graphs`.`id` = 1) [0m
  [4;35;1mGraphItem Load (0.4ms)[0m   [0mSELECT * FROM `graph_items` WHERE (`graph_items`.graph_id = 1) [0m
  [4;36;1mDataSource Load (0.4ms)[0m   [0;1mSELECT * FROM `data_sources` WHERE (`data_sources`.`id` = 1) [0m
DataSource::FederalReserve.values
  [4;35;1mDataSource::FederalReserve Columns (1.2ms)[0m   [0mSHOW FIELDS FROM `data_sources`[0m
  [4;36;1mDataSource Load (0.4ms)[0m   [0;1mSELECT * FROM `data_sources` WHERE (`data_sources`.`id` = 2) [0m
DataSource::FederalReserve.values
  [4;35;1mDataSource Load (0.4ms)[0m   [0mSELECT * FROM `data_sources` WHERE (`data_sources`.`id` = 3) [0m
DataSource::FederalReserve.values
Sending data 
Completed in 7561ms (View: 1, DB: 4) | 200 OK [http://localhost/graphs/1.png]
  [4;36;1mSQL (0.1ms)[0m   [0;1mSET NAMES 'utf8'[0m
  [4;35;1mSQL (0.2ms)[0m   [0mSET SQL_AUTO_IS_NULL=0[0m


Processing GraphsController#show to json (for 127.0.0.1 at 2009-05-29 09:58:33) [GET]
  Parameters: {"format"=>"json", "action"=>"show", "id"=>"1", "controller"=>"graphs"}
2008-05-29 16:58:33 UTC to 2009-05-29T09:58:33-07:00
  [4;36;1mGraph Load (0.4ms)[0m   [0;1mSELECT * FROM `graphs` WHERE (`graphs`.`id` = 1) [0m
  [4;35;1mGraphItem Load (0.4ms)[0m   [0mSELECT * FROM `graph_items` WHERE (`graph_items`.graph_id = 1) [0m
  [4;36;1mDataSource Load (0.4ms)[0m   [0;1mSELECT * FROM `data_sources` WHERE (`data_sources`.`id` = 1) [0m
DataSource::FederalReserve.values
  [4;35;1mDataSource::FederalReserve Columns (1.2ms)[0m   [0mSHOW FIELDS FROM `data_sources`[0m
  [4;36;1mDataSource Load (0.5ms)[0m   [0;1mSELECT * FROM `data_sources` WHERE (`data_sources`.`id` = 2) [0m
DataSource::FederalReserve.values
  [4;35;1mDataSource Load (0.5ms)[0m   [0mSELECT * FROM `data_sources` WHERE (`data_sources`.`id` = 3) [0m
DataSource::FederalReserve.values
Completed in 10057ms (View: 7, DB: 4) | 200 OK [http://localhost/graphs/1.json]
  [4;36;1mSQL (0.1ms)[0m   [0;1mSET NAMES 'utf8'[0m
  [4;35;1mSQL (0.1ms)[0m   [0mSET SQL_AUTO_IS_NULL=0[0m


Processing GraphsController#show to xml (for 127.0.0.1 at 2009-05-29 09:58:43) [GET]
  Parameters: {"format"=>"xml", "action"=>"show", "id"=>"1", "controller"=>"graphs"}
2008-05-29 16:58:43 UTC to 2009-05-29T09:58:43-07:00
  [4;36;1mGraph Load (0.5ms)[0m   [0;1mSELECT * FROM `graphs` WHERE (`graphs`.`id` = 1) [0m
  [4;35;1mGraphItem Load (0.4ms)[0m   [0mSELECT * FROM `graph_items` WHERE (`graph_items`.graph_id = 1) [0m
  [4;36;1mDataSource Load (0.4ms)[0m   [0;1mSELECT * FROM `data_sources` WHERE (`data_sources`.`id` = 1) [0m
DataSource::FederalReserve.values
  [4;35;1mDataSource::FederalReserve Columns (2.1ms)[0m   [0mSHOW FIELDS FROM `data_sources`[0m
  [4;36;1mDataSource Load (0.4ms)[0m   [0;1mSELECT * FROM `data_sources` WHERE (`data_sources`.`id` = 2) [0m
DataSource::FederalReserve.values
  [4;35;1mDataSource Load (0.5ms)[0m   [0mSELECT * FROM `data_sources` WHERE (`data_sources`.`id` = 3) [0m
DataSource::FederalReserve.values
Completed in 8844ms (View: 1, DB: 5) | 200 OK [http://localhost/graphs/1.xml]
  [4;36;1mSQL (0.1ms)[0m   [0;1mSET NAMES 'utf8'[0m
  [4;35;1mSQL (0.1ms)[0m   [0mSET SQL_AUTO_IS_NULL=0[0m


Processing GraphsController#show (for 127.0.0.1 at 2009-05-29 09:59:10) [GET]
  Parameters: {"action"=>"show", "id"=>"1", "controller"=>"graphs"}
2008-05-29 16:59:10 UTC to 2009-05-29T09:59:10-07:00
  [4;36;1mGraph Load (0.5ms)[0m   [0;1mSELECT * FROM `graphs` WHERE (`graphs`.`id` = 1) [0m
Rendering template within layouts/application
Rendering graphs/show
Completed in 36ms (View: 27, DB: 1) | 200 OK [http://localhost/graphs/1]
  [4;35;1mSQL (0.1ms)[0m   [0mSET NAMES 'utf8'[0m
  [4;36;1mSQL (0.1ms)[0m   [0;1mSET SQL_AUTO_IS_NULL=0[0m


Processing GraphsController#show to png (for 127.0.0.1 at 2009-05-29 09:59:10) [GET]
  Parameters: {"format"=>"png", "action"=>"show", "id"=>"1", "controller"=>"graphs"}
2008-05-29 16:59:10 UTC to 2009-05-29T09:59:10-07:00
  [4;35;1mGraph Load (0.5ms)[0m   [0mSELECT * FROM `graphs` WHERE (`graphs`.`id` = 1) [0m
  [4;36;1mGraphItem Load (0.4ms)[0m   [0;1mSELECT * FROM `graph_items` WHERE (`graph_items`.graph_id = 1) [0m
  [4;35;1mDataSource Load (0.4ms)[0m   [0mSELECT * FROM `data_sources` WHERE (`data_sources`.`id` = 1) [0m
DataSource::FederalReserve.values
  [4;36;1mDataSource::FederalReserve Columns (1.3ms)[0m   [0;1mSHOW FIELDS FROM `data_sources`[0m
  [4;35;1mDataSource Load (0.4ms)[0m   [0mSELECT * FROM `data_sources` WHERE (`data_sources`.`id` = 2) [0m
DataSource::FederalReserve.values
  [4;36;1mDataSource Load (0.4ms)[0m   [0;1mSELECT * FROM `data_sources` WHERE (`data_sources`.`id` = 3) [0m
DataSource::FederalReserve.values
Sending data 
Completed in 12022ms (View: 1, DB: 4) | 200 OK [http://localhost/graphs/1.png]
  [4;35;1mSQL (0.1ms)[0m   [0mSET NAMES 'utf8'[0m
  [4;36;1mSQL (0.1ms)[0m   [0;1mSET SQL_AUTO_IS_NULL=0[0m


Processing GraphsController#show to json (for 127.0.0.1 at 2009-05-29 09:59:23) [GET]
  Parameters: {"format"=>"json", "action"=>"show", "id"=>"1", "controller"=>"graphs"}
2008-05-29 16:59:23 UTC to 2009-05-29T09:59:23-07:00
  [4;35;1mGraph Load (0.6ms)[0m   [0mSELECT * FROM `graphs` WHERE (`graphs`.`id` = 1) [0m
  [4;36;1mGraphItem Load (0.4ms)[0m   [0;1mSELECT * FROM `graph_items` WHERE (`graph_items`.graph_id = 1) [0m
  [4;35;1mDataSource Load (0.4ms)[0m   [0mSELECT * FROM `data_sources` WHERE (`data_sources`.`id` = 1) [0m
DataSource::FederalReserve.values
  [4;36;1mDataSource::FederalReserve Columns (1.2ms)[0m   [0;1mSHOW FIELDS FROM `data_sources`[0m
  [4;35;1mDataSource Load (0.4ms)[0m   [0mSELECT * FROM `data_sources` WHERE (`data_sources`.`id` = 2) [0m
DataSource::FederalReserve.values
  [4;36;1mDataSource Load (0.4ms)[0m   [0;1mSELECT * FROM `data_sources` WHERE (`data_sources`.`id` = 3) [0m
DataSource::FederalReserve.values
Completed in 6405ms (View: 7, DB: 4) | 200 OK [http://localhost/graphs/1.json]
  [4;35;1mSQL (0.1ms)[0m   [0mSET NAMES 'utf8'[0m
  [4;36;1mSQL (0.2ms)[0m   [0;1mSET SQL_AUTO_IS_NULL=0[0m


Processing GraphsController#show to xml (for 127.0.0.1 at 2009-05-29 09:59:29) [GET]
  Parameters: {"format"=>"xml", "action"=>"show", "id"=>"1", "controller"=>"graphs"}
2008-05-29 16:59:29 UTC to 2009-05-29T09:59:29-07:00
  [4;35;1mGraph Load (0.5ms)[0m   [0mSELECT * FROM `graphs` WHERE (`graphs`.`id` = 1) [0m
  [4;36;1mGraphItem Load (0.4ms)[0m   [0;1mSELECT * FROM `graph_items` WHERE (`graph_items`.graph_id = 1) [0m
  [4;35;1mDataSource Load (0.3ms)[0m   [0mSELECT * FROM `data_sources` WHERE (`data_sources`.`id` = 1) [0m
DataSource::FederalReserve.values
  [4;36;1mDataSource::FederalReserve Columns (1.3ms)[0m   [0;1mSHOW FIELDS FROM `data_sources`[0m
  [4;35;1mDataSource Load (0.4ms)[0m   [0mSELECT * FROM `data_sources` WHERE (`data_sources`.`id` = 2) [0m
DataSource::FederalReserve.values
  [4;36;1mDataSource Load (0.4ms)[0m   [0;1mSELECT * FROM `data_sources` WHERE (`data_sources`.`id` = 3) [0m
DataSource::FederalReserve.values
Completed in 7178ms (View: 1, DB: 4) | 200 OK [http://localhost/graphs/1.xml]
  [4;35;1mSQL (0.1ms)[0m   [0mSET NAMES 'utf8'[0m
  [4;36;1mSQL (0.1ms)[0m   [0;1mSET SQL_AUTO_IS_NULL=0[0m


Processing GraphsController#show (for 127.0.0.1 at 2009-05-29 10:00:11) [GET]
  Parameters: {"action"=>"show", "id"=>"1", "controller"=>"graphs"}
2008-05-29 17:00:11 UTC to 2009-05-29T10:00:11-07:00
  [4;35;1mGraph Load (0.5ms)[0m   [0mSELECT * FROM `graphs` WHERE (`graphs`.`id` = 1) [0m
Rendering template within layouts/application
Rendering graphs/show
Completed in 36ms (View: 28, DB: 1) | 200 OK [http://localhost/graphs/1]
  [4;36;1mSQL (0.1ms)[0m   [0;1mSET NAMES 'utf8'[0m
  [4;35;1mSQL (0.1ms)[0m   [0mSET SQL_AUTO_IS_NULL=0[0m


Processing GraphsController#show to png (for 127.0.0.1 at 2009-05-29 10:00:12) [GET]
  Parameters: {"format"=>"png", "action"=>"show", "id"=>"1", "controller"=>"graphs"}
2008-05-29 17:00:12 UTC to 2009-05-29T10:00:12-07:00
  [4;36;1mGraph Load (0.5ms)[0m   [0;1mSELECT * FROM `graphs` WHERE (`graphs`.`id` = 1) [0m
  [4;35;1mGraphItem Load (0.6ms)[0m   [0mSELECT * FROM `graph_items` WHERE (`graph_items`.graph_id = 1) [0m
  [4;36;1mDataSource Load (0.3ms)[0m   [0;1mSELECT * FROM `data_sources` WHERE (`data_sources`.`id` = 1) [0m
DataSource::FederalReserve.values
  [4;35;1mDataSource::FederalReserve Columns (28.3ms)[0m   [0mSHOW FIELDS FROM `data_sources`[0m
  [4;36;1mDataSource Load (0.4ms)[0m   [0;1mSELECT * FROM `data_sources` WHERE (`data_sources`.`id` = 2) [0m
DataSource::FederalReserve.values
  [4;35;1mDataSource Load (0.4ms)[0m   [0mSELECT * FROM `data_sources` WHERE (`data_sources`.`id` = 3) [0m
DataSource::FederalReserve.values
Sending data 
Completed in 9444ms (View: 2, DB: 31) | 200 OK [http://localhost/graphs/1.png]
  [4;36;1mSQL (0.1ms)[0m   [0;1mSET NAMES 'utf8'[0m
  [4;35;1mSQL (0.2ms)[0m   [0mSET SQL_AUTO_IS_NULL=0[0m


Processing GraphsController#show to json (for 127.0.0.1 at 2009-05-29 10:00:21) [GET]
  Parameters: {"format"=>"json", "action"=>"show", "id"=>"1", "controller"=>"graphs"}
2008-05-29 17:00:21 UTC to 2009-05-29T10:00:21-07:00
  [4;36;1mGraph Load (0.4ms)[0m   [0;1mSELECT * FROM `graphs` WHERE (`graphs`.`id` = 1) [0m
  [4;35;1mGraphItem Load (0.4ms)[0m   [0mSELECT * FROM `graph_items` WHERE (`graph_items`.graph_id = 1) [0m
  [4;36;1mDataSource Load (0.5ms)[0m   [0;1mSELECT * FROM `data_sources` WHERE (`data_sources`.`id` = 1) [0m
DataSource::FederalReserve.values
  [4;35;1mDataSource::FederalReserve Columns (1.5ms)[0m   [0mSHOW FIELDS FROM `data_sources`[0m
  [4;36;1mDataSource Load (0.4ms)[0m   [0;1mSELECT * FROM `data_sources` WHERE (`data_sources`.`id` = 2) [0m
DataSource::FederalReserve.values
  [4;35;1mDataSource Load (0.4ms)[0m   [0mSELECT * FROM `data_sources` WHERE (`data_sources`.`id` = 3) [0m
DataSource::FederalReserve.values
Completed in 10966ms (View: 9, DB: 4) | 200 OK [http://localhost/graphs/1.json]
  [4;36;1mSQL (0.1ms)[0m   [0;1mSET NAMES 'utf8'[0m
  [4;35;1mSQL (0.2ms)[0m   [0mSET SQL_AUTO_IS_NULL=0[0m


Processing GraphsController#show to xml (for 127.0.0.1 at 2009-05-29 10:00:32) [GET]
  Parameters: {"format"=>"xml", "action"=>"show", "id"=>"1", "controller"=>"graphs"}
2008-05-29 17:00:32 UTC to 2009-05-29T10:00:32-07:00
  [4;36;1mGraph Load (0.7ms)[0m   [0;1mSELECT * FROM `graphs` WHERE (`graphs`.`id` = 1) [0m
  [4;35;1mGraphItem Load (0.4ms)[0m   [0mSELECT * FROM `graph_items` WHERE (`graph_items`.graph_id = 1) [0m
  [4;36;1mDataSource Load (0.4ms)[0m   [0;1mSELECT * FROM `data_sources` WHERE (`data_sources`.`id` = 1) [0m
DataSource::FederalReserve.values
  [4;35;1mDataSource::FederalReserve Columns (1.2ms)[0m   [0mSHOW FIELDS FROM `data_sources`[0m
  [4;36;1mDataSource Load (0.4ms)[0m   [0;1mSELECT * FROM `data_sources` WHERE (`data_sources`.`id` = 2) [0m
DataSource::FederalReserve.values
  [4;35;1mDataSource Load (0.4ms)[0m   [0mSELECT * FROM `data_sources` WHERE (`data_sources`.`id` = 3) [0m
DataSource::FederalReserve.values
Completed in 6483ms (View: 2, DB: 4) | 200 OK [http://localhost/graphs/1.xml]
  [4;36;1mSQL (133.2ms)[0m   [0;1mSET NAMES 'utf8'[0m
  [4;35;1mSQL (60.9ms)[0m   [0mSET SQL_AUTO_IS_NULL=0[0m


Processing HomeController#index (for 127.0.0.1 at 2009-06-04 18:54:43) [GET]
  Parameters: {"action"=>"index", "controller"=>"home"}
Rendering template within layouts/application
Rendering home/index
Completed in 372ms (View: 366, DB: 194) | 200 OK [http://localhost/]
  [4;36;1mSQL (0.1ms)[0m   [0;1mSET NAMES 'utf8'[0m
  [4;35;1mSQL (0.2ms)[0m   [0mSET SQL_AUTO_IS_NULL=0[0m


Processing GraphsController#show to png (for 127.0.0.1 at 2009-06-04 18:54:44) [GET]
  Parameters: {"format"=>"png", "action"=>"show", "id"=>"1", "controller"=>"graphs"}
2008-06-05 01:54:44 UTC to 2009-06-04T18:54:45-07:00
  [4;36;1mGraph Columns (718.7ms)[0m   [0;1mSHOW FIELDS FROM `graphs`[0m
  [4;35;1mGraph Load (68.1ms)[0m   [0mSELECT * FROM `graphs` WHERE (`graphs`.`id` = 1) [0m
  [4;36;1mGraphItem Load (144.6ms)[0m   [0;1mSELECT * FROM `graph_items` WHERE (`graph_items`.graph_id = 1) [0m
  [4;35;1mGraphItem Columns (1.2ms)[0m   [0mSHOW FIELDS FROM `graph_items`[0m
  [4;36;1mDataSource Columns (49.8ms)[0m   [0;1mSHOW FIELDS FROM `data_sources`[0m
  [4;35;1mDataSource Load (0.4ms)[0m   [0mSELECT * FROM `data_sources` WHERE (`data_sources`.`id` = 1) [0m
DataSource::FederalReserve.values
  [4;36;1mDataSource::FederalReserve Columns (1.2ms)[0m   [0;1mSHOW FIELDS FROM `data_sources`[0m
  [4;35;1mDataSource Load (0.4ms)[0m   [0mSELECT * FROM `data_sources` WHERE (`data_sources`.`id` = 2) [0m
DataSource::FederalReserve.values
  [4;36;1mDataSource Load (0.5ms)[0m   [0;1mSELECT * FROM `data_sources` WHERE (`data_sources`.`id` = 3) [0m
DataSource::FederalReserve.values
Sending data 
Completed in 14852ms (View: 99, DB: 985) | 200 OK [http://localhost/graphs/1.png]
Cache write: foo
Cache read: foo
Cache write: foo ({:expires_in=>10 seconds})
Cache read: foo
Cache read: foo
Cache read: foo
Cache write: foo ({:expires_in=>10 seconds})
Cache read: foo
Cache read: foo
Cache read: foo
Cache read: foo
Cache read: foo
Cache read: foo
Cache read: foo
Cache read: foo
Cache read: foo
Cache read: foo
Cache read: foo
Cache read: foo
Cache read: foo
Cache read: foo
Cache read: foo
Cache read: foo
Cache write: foo ({:expires_in=>10 seconds})
Cache read: foo
Cache read: foo
Cache read: foo
Cache read: foo
Cache read: foo
Cache read: foo
Cache read: foo
Cache read: foo
  [4;35;1mSQL (204.2ms)[0m   [0mSET NAMES 'utf8'[0m
  [4;36;1mSQL (44.3ms)[0m   [0;1mSET SQL_AUTO_IS_NULL=0[0m


Processing ApplicationController#index (for 127.0.0.1 at 2009-06-04 21:59:13) [GET]

ActionController::RoutingError (No route matches "/admin/books/2" with {:method=>:get}):
  

Rendering rescues/layout (not_found)
  [4;36;1mSQL (115.6ms)[0m   [0;1mSET NAMES 'utf8'[0m
  [4;35;1mSQL (66.4ms)[0m   [0mSET SQL_AUTO_IS_NULL=0[0m
  [4;36;1mSQL (185.5ms)[0m   [0;1mSHOW TABLES[0m
  [4;35;1mSQL (628.4ms)[0m   [0mSELECT * FROM countries LIMIT 50 OFFSET 0[0m
  [4;36;1mSQL (0.7ms)[0m   [0;1mSELECT * FROM countries LIMIT 50 OFFSET 50[0m
  [4;35;1mSQL (0.8ms)[0m   [0mSELECT * FROM countries LIMIT 50 OFFSET 100[0m
  [4;36;1mSQL (1.0ms)[0m   [0;1mSELECT * FROM countries LIMIT 50 OFFSET 150[0m
  [4;35;1mSQL (0.9ms)[0m   [0mSELECT * FROM countries LIMIT 50 OFFSET 200[0m
  [4;36;1mSQL (1.0ms)[0m   [0;1mSELECT * FROM countries LIMIT 50 OFFSET 250[0m
  [4;35;1mSQL (58.8ms)[0m   [0mSELECT * FROM data_sources LIMIT 50 OFFSET 0[0m
  [4;36;1mSQL (0.4ms)[0m   [0;1mSELECT * FROM data_sources LIMIT 50 OFFSET 50[0m
  [4;35;1mSQL (54.3ms)[0m   [0mSELECT * FROM graph_items LIMIT 50 OFFSET 0[0m
  [4;36;1mSQL (0.3ms)[0m   [0;1mSELECT * FROM graph_items LIMIT 50 OFFSET 50[0m
  [4;35;1mSQL (90.6ms)[0m   [0mSELECT * FROM graphs LIMIT 50 OFFSET 0[0m
  [4;36;1mSQL (0.4ms)[0m   [0;1mSELECT * FROM graphs LIMIT 50 OFFSET 50[0m
  [4;35;1mSQL (40.1ms)[0m   [0mSELECT * FROM maps LIMIT 50 OFFSET 0[0m
  [4;36;1mSQL (0.4ms)[0m   [0;1mSELECT * FROM maps LIMIT 50 OFFSET 50[0m
  [4;35;1mSQL (24.1ms)[0m   [0mSELECT * FROM roles LIMIT 50 OFFSET 0[0m
  [4;36;1mSQL (11.5ms)[0m   [0;1mSELECT * FROM roles_users LIMIT 50 OFFSET 0[0m
  [4;35;1mSQL (12.6ms)[0m   [0mSELECT * FROM schema_migrations LIMIT 50 OFFSET 0[0m
  [4;36;1mSQL (0.3ms)[0m   [0;1mSELECT * FROM schema_migrations LIMIT 50 OFFSET 50[0m
  [4;35;1mSQL (5.7ms)[0m   [0mSELECT * FROM users LIMIT 50 OFFSET 0[0m
  [4;36;1mSQL (0.2ms)[0m   [0;1mSET NAMES 'utf8'[0m
  [4;35;1mSQL (0.1ms)[0m   [0mSET SQL_AUTO_IS_NULL=0[0m
  [4;36;1mSQL (0.5ms)[0m   [0;1mSHOW TABLES[0m
  [4;35;1mSQL (0.6ms)[0m   [0mSELECT * FROM countries LIMIT 50 OFFSET 0[0m
  [4;36;1mSQL (0.7ms)[0m   [0;1mSELECT * FROM countries LIMIT 50 OFFSET 50[0m
  [4;35;1mSQL (0.8ms)[0m   [0mSELECT * FROM countries LIMIT 50 OFFSET 100[0m
  [4;36;1mSQL (1.0ms)[0m   [0;1mSELECT * FROM countries LIMIT 50 OFFSET 150[0m
  [4;35;1mSQL (1.0ms)[0m   [0mSELECT * FROM countries LIMIT 50 OFFSET 200[0m
  [4;36;1mSQL (0.9ms)[0m   [0;1mSELECT * FROM countries LIMIT 50 OFFSET 250[0m
  [4;35;1mSQL (0.3ms)[0m   [0mSELECT * FROM data_sources LIMIT 50 OFFSET 0[0m
  [4;36;1mSQL (0.4ms)[0m   [0;1mSELECT * FROM data_sources LIMIT 50 OFFSET 50[0m
  [4;35;1mSQL (0.3ms)[0m   [0mSELECT * FROM graph_items LIMIT 50 OFFSET 0[0m
  [4;36;1mSQL (0.3ms)[0m   [0;1mSELECT * FROM graph_items LIMIT 50 OFFSET 50[0m
  [4;35;1mSQL (0.3ms)[0m   [0mSELECT * FROM graphs LIMIT 50 OFFSET 0[0m
  [4;36;1mSQL (0.3ms)[0m   [0;1mSELECT * FROM graphs LIMIT 50 OFFSET 50[0m
  [4;35;1mSQL (0.2ms)[0m   [0mSELECT * FROM maps LIMIT 50 OFFSET 0[0m
  [4;36;1mSQL (0.3ms)[0m   [0;1mSELECT * FROM maps LIMIT 50 OFFSET 50[0m
  [4;35;1mSQL (0.2ms)[0m   [0mSELECT * FROM roles LIMIT 50 OFFSET 0[0m
  [4;36;1mSQL (0.2ms)[0m   [0;1mSELECT * FROM roles_users LIMIT 50 OFFSET 0[0m
  [4;35;1mSQL (0.2ms)[0m   [0mSELECT * FROM schema_migrations LIMIT 50 OFFSET 0[0m
  [4;36;1mSQL (0.3ms)[0m   [0;1mSELECT * FROM schema_migrations LIMIT 50 OFFSET 50[0m
  [4;35;1mSQL (0.3ms)[0m   [0mSELECT * FROM users LIMIT 50 OFFSET 0[0m
